{"/Users/korirdesmond/Documents/projects/vue/coinmarket/src/App.vue": {"path":"/Users/korirdesmond/Documents/projects/vue/coinmarket/src/App.vue","statementMap":{"0":{"start":{"line":11,"column":0},"end":{"line":null,"column":-1}},"1":{"start":{"line":19,"column":0},"end":{"line":null,"column":-1}}},"fnMap":{},"branchMap":{},"s":{"0":0,"1":0},"f":{},"b":{}}
,"/Users/korirdesmond/Documents/projects/vue/coinmarket/src/components/Coins.vue": {"path":"/Users/korirdesmond/Documents/projects/vue/coinmarket/src/components/Coins.vue","statementMap":{"0":{"start":{"line":38,"column":0},"end":{"line":null,"column":-1}},"1":{"start":{"line":43,"column":0},"end":{"line":null,"column":-1}},"2":{"start":{"line":45,"column":0},"end":{"line":null,"column":-1}},"3":{"start":{"line":66,"column":0},"end":{"line":null,"column":-1}},"4":{"start":{"line":68,"column":0},"end":{"line":73,"column":0}},"5":{"start":{"line":69,"column":0},"end":{"line":71,"column":0}},"6":{"start":{"line":70,"column":0},"end":{"line":null,"column":-1}},"7":{"start":{"line":72,"column":0},"end":{"line":null,"column":-1}},"8":{"start":{"line":77,"column":0},"end":{"line":null,"column":-1}}},"fnMap":{"0":{"name":"(anonymous_1)","decl":{"start":{"line":45,"column":0},"end":{"line":null,"column":-1}},"loc":{"start":{"line":45,"column":0},"end":{"line":null,"column":-1}}},"1":{"name":"(anonymous_2)","decl":{"start":{"line":68,"column":0},"end":{"line":null,"column":-1}},"loc":{"start":{"line":68,"column":0},"end":{"line":73,"column":0}}},"2":{"name":"(anonymous_3)","decl":{"start":{"line":77,"column":0},"end":{"line":null,"column":-1}},"loc":{"start":{"line":77,"column":0},"end":{"line":null,"column":-1}}}},"branchMap":{"0":{"loc":{"start":{"line":69,"column":0},"end":{"line":71,"column":0}},"type":"if","locations":[{"start":{"line":69,"column":0},"end":{"line":71,"column":0}},{"start":{"line":69,"column":0},"end":{"line":71,"column":0}}]}},"s":{"0":0,"1":0,"2":0,"3":0,"4":0,"5":0,"6":0,"7":0,"8":0},"f":{"0":0,"1":0,"2":0},"b":{"0":[0,0]}}
,"/Users/korirdesmond/Documents/projects/vue/coinmarket/src/components/Navbar.vue": {"path":"/Users/korirdesmond/Documents/projects/vue/coinmarket/src/components/Navbar.vue","statementMap":{"0":{"start":{"line":44,"column":0},"end":{"line":null,"column":-1}}},"fnMap":{"0":{"name":"(anonymous_1)","decl":{"start":{"line":44,"column":0},"end":{"line":null,"column":-1}},"loc":{"start":{"line":44,"column":0},"end":{"line":null,"column":-1}}}},"branchMap":{},"s":{"0":0},"f":{"0":0},"b":{}}
,"/Users/korirdesmond/Documents/projects/vue/coinmarket/src/components/Toplist.vue": {"path":"/Users/korirdesmond/Documents/projects/vue/coinmarket/src/components/Toplist.vue","statementMap":{"0":{"start":{"line":39,"column":0},"end":{"line":null,"column":-1}},"1":{"start":{"line":43,"column":0},"end":{"line":null,"column":-1}},"2":{"start":{"line":64,"column":0},"end":{"line":null,"column":-1}},"3":{"start":{"line":68,"column":0},"end":{"line":null,"column":-1}},"4":{"start":{"line":69,"column":0},"end":{"line":null,"column":-1}}},"fnMap":{"0":{"name":"(anonymous_1)","decl":{"start":{"line":43,"column":0},"end":{"line":null,"column":-1}},"loc":{"start":{"line":43,"column":0},"end":{"line":null,"column":-1}}},"1":{"name":"(anonymous_2)","decl":{"start":{"line":68,"column":0},"end":{"line":null,"column":-1}},"loc":{"start":{"line":68,"column":0},"end":{"line":null,"column":-1}}},"2":{"name":"(anonymous_3)","decl":{"start":{"line":69,"column":0},"end":{"line":null,"column":-1}},"loc":{"start":{"line":69,"column":0},"end":{"line":null,"column":-1}}}},"branchMap":{},"s":{"0":0,"1":0,"2":0,"3":0,"4":0},"f":{"0":0,"1":0,"2":0},"b":{}}
,"/Users/korirdesmond/Documents/projects/vue/coinmarket/src/plugins/vuetify.js": {"path":"/Users/korirdesmond/Documents/projects/vue/coinmarket/src/plugins/vuetify.js","statementMap":{"0":{"start":{"line":1,"column":0},"end":{"line":null,"column":-1}},"1":{"start":{"line":2,"column":0},"end":{"line":null,"column":-1}},"2":{"start":{"line":3,"column":0},"end":{"line":null,"column":-1}},"3":{"start":{"line":5,"column":0},"end":{"line":null,"column":-1}}},"fnMap":{},"branchMap":{},"s":{"0":0,"1":0,"2":0,"3":0},"f":{},"b":{}}
,"/Users/korirdesmond/Documents/projects/vue/coinmarket/src/router/index.js": {"path":"/Users/korirdesmond/Documents/projects/vue/coinmarket/src/router/index.js","statementMap":{"0":{"start":{"line":1,"column":0},"end":{"line":null,"column":-1}},"1":{"start":{"line":2,"column":0},"end":{"line":null,"column":-1}},"2":{"start":{"line":4,"column":0},"end":{"line":null,"column":-1}},"3":{"start":{"line":5,"column":0},"end":{"line":null,"column":-1}},"4":{"start":{"line":6,"column":0},"end":{"line":null,"column":-1}},"5":{"start":{"line":8,"column":0},"end":{"line":null,"column":-1}},"6":{"start":{"line":10,"column":15},"end":{"line":10,"column":0}}},"fnMap":{},"branchMap":{},"s":{"0":0,"1":0,"2":0,"3":0,"4":0,"5":0,"6":0},"f":{},"b":{}}
,"/Users/korirdesmond/Documents/projects/vue/coinmarket/src/store/index.js": {"path":"/Users/korirdesmond/Documents/projects/vue/coinmarket/src/store/index.js","statementMap":{"0":{"start":{"line":1,"column":0},"end":{"line":null,"column":-1}},"1":{"start":{"line":1,"column":23},"end":{"line":null,"column":-1}},"2":{"start":{"line":2,"column":0},"end":{"line":null,"column":-1}},"3":{"start":{"line":3,"column":0},"end":{"line":null,"column":-1}},"4":{"start":{"line":5,"column":0},"end":{"line":null,"column":-1}}},"fnMap":{},"branchMap":{},"s":{"0":0,"1":0,"2":0,"3":0,"4":0},"f":{},"b":{}}
,"/Users/korirdesmond/Documents/projects/vue/coinmarket/src/store/modules/coins.js": {"path":"/Users/korirdesmond/Documents/projects/vue/coinmarket/src/store/modules/coins.js","statementMap":{"0":{"start":{"line":1,"column":0},"end":{"line":null,"column":-1}},"1":{"start":{"line":13,"column":6},"end":{"line":null,"column":-1}},"2":{"start":{"line":14,"column":17},"end":{"line":14,"column":6}},"3":{"start":{"line":15,"column":6},"end":{"line":null,"column":-1}},"4":{"start":{"line":23,"column":6},"end":{"line":null,"column":-1}},"5":{"start":{"line":24,"column":6},"end":{"line":null,"column":-1}},"6":{"start":{"line":27,"column":6},"end":{"line":null,"column":-1}},"7":{"start":{"line":30,"column":6},"end":{"line":null,"column":-1}},"8":{"start":{"line":31,"column":6},"end":{"line":null,"column":-1}},"9":{"start":{"line":32,"column":6},"end":{"line":null,"column":-1}},"10":{"start":{"line":37,"column":6},"end":{"line":null,"column":-1}}},"fnMap":{},"branchMap":{"0":{"loc":{"start":{"line":16,"column":8},"end":{"line":15,"column":6}},"type":"cond-expr","locations":[{"start":{"line":16,"column":8},"end":{"line":15,"column":6}},{"start":{"line":17,"column":8},"end":{"line":15,"column":6}}]},"1":{"loc":{"start":{"line":37,"column":21},"end":{"line":37,"column":18}},"type":"cond-expr","locations":[{"start":{"line":37,"column":21},"end":{"line":37,"column":18}},{"start":{"line":37,"column":44},"end":{"line":37,"column":6}}]}},"s":{"0":0,"1":0,"2":0,"3":0,"4":0,"5":0,"6":0,"7":0,"8":0,"9":0,"10":0},"f":{},"b":{"0":[0,0],"1":[0,0]}}
,"/Users/korirdesmond/Documents/projects/vue/coinmarket/src/store/modules/toplist.js": {"path":"/Users/korirdesmond/Documents/projects/vue/coinmarket/src/store/modules/toplist.js","statementMap":{"0":{"start":{"line":13,"column":5},"end":{"line":13,"column":31}},"1":{"start":{"line":14,"column":18},"end":{"line":14,"column":73}},"2":{"start":{"line":15,"column":5},"end":{"line":17,"column":53}},"3":{"start":{"line":22,"column":6},"end":{"line":22,"column":31}},"4":{"start":{"line":23,"column":6},"end":{"line":23,"column":31}},"5":{"start":{"line":24,"column":6},"end":{"line":24,"column":28}},"6":{"start":{"line":27,"column":6},"end":{"line":27,"column":30}},"7":{"start":{"line":30,"column":6},"end":{"line":30,"column":31}},"8":{"start":{"line":31,"column":6},"end":{"line":31,"column":28}},"9":{"start":{"line":32,"column":6},"end":{"line":32,"column":33}},"10":{"start":{"line":37,"column":6},"end":{"line":37,"column":27}}},"fnMap":{},"branchMap":{"0":{"loc":{"start":{"line":15,"column":5},"end":{"line":17,"column":52}},"type":"cond-expr","locations":[{"start":{"line":16,"column":7},"end":{"line":16,"column":45}},{"start":{"line":17,"column":7},"end":{"line":17,"column":52}}],"line":15}},"s":{"0":0,"1":0,"2":0,"3":1,"4":1,"5":1,"6":1,"7":1,"8":1,"9":1,"10":1},"f":{},"b":{"0":[0,0]},"_coverageSchema":"332fd63041d2c1bcb487cc26dd0d5f7d97098a6c","hash":"0b1ae6f2ab5302a2650286cf97cb9b5f8f10aefb"}
,"/Users/korirdesmond/Documents/projects/vue/coinmarket/src/utils/api.js": {"path":"/Users/korirdesmond/Documents/projects/vue/coinmarket/src/utils/api.js","statementMap":{"0":{"start":{"line":3,"column":16},"end":{"line":3,"column":52}},"1":{"start":{"line":5,"column":10},"end":{"line":5,"column":12}},"2":{"start":{"line":7,"column":0},"end":{"line":10,"column":2}},"3":{"start":{"line":8,"column":22},"end":{"line":8,"column":57}},"4":{"start":{"line":9,"column":4},"end":{"line":9,"column":25}}},"fnMap":{"0":{"name":"(anonymous_0)","decl":{"start":{"line":7,"column":10},"end":{"line":7,"column":11}},"loc":{"start":{"line":7,"column":29},"end":{"line":10,"column":1}},"line":7}},"branchMap":{},"s":{"0":1,"1":1,"2":1,"3":0,"4":0},"f":{"0":0},"b":{},"_coverageSchema":"332fd63041d2c1bcb487cc26dd0d5f7d97098a6c","hash":"d1131dfa8d314b2f6ef001c55e7e04d51721d3d0"}
}
