TN:
SF:/Users/korirdesmond/Documents/projects/vue/coinmarket/src/App.vue
FNF:0
FNH:0
DA:11,0
DA:19,0
LF:2
LH:0
BRF:0
BRH:0
end_of_record
TN:
SF:/Users/korirdesmond/Documents/projects/vue/coinmarket/src/components/Coins.vue
FN:45,(anonymous_1)
FN:68,(anonymous_2)
FN:77,(anonymous_3)
FNF:3
FNH:0
FNDA:0,(anonymous_1)
FNDA:0,(anonymous_2)
FNDA:0,(anonymous_3)
DA:38,0
DA:43,0
DA:45,0
DA:66,0
DA:68,0
DA:69,0
DA:70,0
DA:72,0
DA:77,0
LF:9
LH:0
BRDA:69,0,0,0
BRDA:69,0,1,0
BRF:2
BRH:0
end_of_record
TN:
SF:/Users/korirdesmond/Documents/projects/vue/coinmarket/src/components/Navbar.vue
FN:44,(anonymous_1)
FNF:1
FNH:0
FNDA:0,(anonymous_1)
DA:44,0
LF:1
LH:0
BRF:0
BRH:0
end_of_record
TN:
SF:/Users/korirdesmond/Documents/projects/vue/coinmarket/src/components/Toplist.vue
FN:43,(anonymous_1)
FN:68,(anonymous_2)
FN:69,(anonymous_3)
FNF:3
FNH:2
FNDA:1,(anonymous_1)
FNDA:1,(anonymous_2)
FNDA:0,(anonymous_3)
DA:39,1
DA:43,1
DA:64,1
DA:68,1
DA:69,0
LF:5
LH:4
BRF:0
BRH:0
end_of_record
TN:
SF:/Users/korirdesmond/Documents/projects/vue/coinmarket/src/plugins/vuetify.js
FNF:0
FNH:0
DA:1,0
DA:2,0
DA:3,0
DA:5,0
LF:4
LH:0
BRF:0
BRH:0
end_of_record
TN:
SF:/Users/korirdesmond/Documents/projects/vue/coinmarket/src/router/index.js
FNF:0
FNH:0
DA:1,0
DA:2,0
DA:4,0
DA:5,0
DA:7,0
DA:9,0
LF:6
LH:0
BRF:0
BRH:0
end_of_record
TN:
SF:/Users/korirdesmond/Documents/projects/vue/coinmarket/src/store/index.js
FNF:0
FNH:0
DA:1,0
DA:2,0
DA:3,0
DA:5,0
LF:4
LH:0
BRF:0
BRH:0
end_of_record
TN:
SF:/Users/korirdesmond/Documents/projects/vue/coinmarket/src/store/modules/coins.js
FNF:0
FNH:0
DA:13,0
DA:14,0
DA:15,0
DA:23,1
DA:24,1
DA:27,1
DA:30,1
DA:31,1
DA:32,1
DA:37,1
LF:10
LH:7
BRDA:15,0,0,0
BRDA:15,0,1,0
BRDA:37,1,0,1
BRDA:37,1,1,0
BRF:4
BRH:1
end_of_record
TN:
SF:/Users/korirdesmond/Documents/projects/vue/coinmarket/src/store/modules/toplist.js
FNF:0
FNH:0
DA:13,0
DA:14,0
DA:15,0
DA:22,1
DA:23,1
DA:24,1
DA:27,1
DA:30,1
DA:31,1
DA:32,1
DA:37,1
LF:11
LH:8
BRDA:15,0,0,0
BRDA:15,0,1,0
BRF:2
BRH:0
end_of_record
TN:
SF:/Users/korirdesmond/Documents/projects/vue/coinmarket/src/utils/api.js
FN:7,(anonymous_0)
FNF:1
FNH:0
FNDA:0,(anonymous_0)
DA:3,2
DA:5,2
DA:7,2
DA:8,0
DA:9,0
LF:5
LH:3
BRF:0
BRH:0
end_of_record
